<?xml version="1.0" encoding="UTF-8"?>
<!-- Generated by org.testng.reporters.JUnitReportReporter -->
<testsuite hostname="DESKTOP-379HBJB" failures="0" tests="1" name="Rest_Assured.Serilation" time="6.197" errors="0" timestamp="2024-04-21T00:22:15 IST" skipped="0">
  <testcase classname="Rest_Assured.Serilation" name="Put_Serilation" time="6.197"/>
  <system-out/>
</testsuite> <!-- Rest_Assured.Serilation -->
