<?xml version="1.0" encoding="UTF-8"?>
<!-- Generated by org.testng.reporters.JUnitReportReporter -->
<testsuite hostname="DESKTOP-379HBJB" failures="0" tests="3" name="Automationcodepracticearea.Differcode_pratice_area" time="12.886" errors="0" timestamp="2024-04-28T19:59:00 IST" skipped="0">
  <testcase classname="Automationcodepracticearea.Differcode_pratice_area" name="Randomworkit" time="2.679"/>
  <system-out/>
  <testcase classname="Automationcodepracticearea.Differcode_pratice_area" name="Scrollandclick" time="9.808"/>
  <system-out/>
  <testcase classname="Automationcodepracticearea.Differcode_pratice_area" name="Auto_suggestion" time="0.399"/>
  <system-out/>
</testsuite> <!-- Automationcodepracticearea.Differcode_pratice_area -->
