<?xml version="1.0" encoding="UTF-8"?>
<!-- Generated by org.testng.reporters.JUnitReportReporter -->
<testsuite hostname="DESKTOP-379HBJB" failures="0" tests="4" name="Rest_Assured.BDD_Get" time="3.939" errors="0" timestamp="2024-05-01T11:11:28 IST" skipped="3">
  <testcase classname="Rest_Assured.BDD_Get" name="Delete_Bdd_method" time="3.939"/>
  <system-out/>
  <testcase classname="Rest_Assured.BDD_Get" name="Post_Bdd_method">
    <skipped/>
  </testcase> <!-- Post_Bdd_method -->
  <system-out/>
  <testcase classname="Rest_Assured.BDD_Get" name="put_Bdd_method">
    <skipped/>
  </testcase> <!-- put_Bdd_method -->
  <system-out/>
  <testcase classname="Rest_Assured.BDD_Get" name="get_Bdd_method">
    <skipped/>
  </testcase> <!-- get_Bdd_method -->
  <system-out/>
</testsuite> <!-- Rest_Assured.BDD_Get -->
