<?xml version="1.0" encoding="UTF-8"?>
<!-- Generated by org.testng.reporters.JUnitReportReporter -->
<testsuite hostname="DESKTOP-379HBJB" failures="0" tests="1" name="POJA_class.Netwotk_json" time="0.529" errors="0" timestamp="2024-04-18T23:25:51 IST" skipped="0">
  <testcase classname="POJA_class.Netwotk_json" name="Validate_Schema" time="0.529"/>
  <system-out/>
</testsuite> <!-- POJA_class.Netwotk_json -->
