<?xml version="1.0" encoding="UTF-8"?>
<!-- Generated by org.testng.reporters.JUnitReportReporter -->
<testsuite hostname="DESKTOP-379HBJB" failures="0" tests="4" name="Rest_Assured.Get_method" time="3.419" errors="0" timestamp="2024-04-17T21:21:32 IST" skipped="3">
  <testcase classname="Rest_Assured.Get_method" name="Using_Delete_method" time="3.419"/>
  <system-out/>
  <testcase classname="Rest_Assured.Get_method" name="Using_get_method">
    <skipped/>
  </testcase> <!-- Using_get_method -->
  <system-out/>
  <testcase classname="Rest_Assured.Get_method" name="Using_put_method">
    <skipped/>
  </testcase> <!-- Using_put_method -->
  <system-out/>
  <testcase classname="Rest_Assured.Get_method" name="Using_post_method">
    <skipped/>
  </testcase> <!-- Using_post_method -->
  <system-out/>
</testsuite> <!-- Rest_Assured.Get_method -->
