<?xml version="1.0" encoding="UTF-8"?>
<!-- Generated by org.testng.reporters.JUnitReportReporter -->
<testsuite hostname="DESKTOP-379HBJB" failures="0" tests="1" name="Rest_Assured.Json_copy_to_file" time="3.367" errors="0" timestamp="2024-04-18T10:17:34 IST" skipped="0">
  <testcase classname="Rest_Assured.Json_copy_to_file" name="Using_Json_file" time="3.367"/>
  <system-out/>
</testsuite> <!-- Rest_Assured.Json_copy_to_file -->
