<?xml version="1.0" encoding="UTF-8"?>
<!-- Generated by org.testng.reporters.JUnitReportReporter -->
<testsuite hostname="DESKTOP-379HBJB" failures="0" tests="7" name="Project.Project_Task" time="21.522" errors="0" timestamp="2024-04-15T18:35:01 IST" skipped="0">
  <testcase classname="Project.Project_Task" name="Lanuch_the_site" time="6.409"/>
  <system-out/>
  <testcase classname="Project.Project_Task" name="Verify_withoutdata_click_usernaem_and_password" time="0.498"/>
  <system-out/>
  <testcase classname="Project.Project_Task" name="Invalid_username_and_password" time="0.465"/>
  <system-out/>
  <testcase classname="Project.Project_Task" name="Invalid_username_password" time="0.460"/>
  <system-out/>
  <testcase classname="Project.Project_Task" name="Entered_correct_username_and_password" time="3.875"/>
  <system-out/>
  <testcase classname="Project.Project_Task" name="Enter_Signup_option" time="5.205"/>
  <system-out/>
  <testcase classname="Project.Project_Task" name="Forget_password" time="4.610"/>
  <system-out/>
</testsuite> <!-- Project.Project_Task -->
