<?xml version="1.0" encoding="UTF-8"?>
<!-- Generated by org.testng.reporters.JUnitReportReporter -->
<testsuite hostname="DESKTOP-379HBJB" failures="0" tests="1" name="Rest_Assured.Collection_of_postmethod" time="4.119" errors="0" timestamp="2024-05-11T11:14:13 IST" skipped="0">
  <testcase classname="Rest_Assured.Collection_of_postmethod" name="Post_method" time="4.119"/>
  <system-out/>
</testsuite> <!-- Rest_Assured.Collection_of_postmethod -->
